read length = 101
start python script
[11356655602.0, 11421314320.0, 12832879625.0, 13050989285.0, 13112608722.0, 14374895265.0, 14434191828.0, 14463137436.0, 14533442410.0, 14553954514.0, 14567784592.0, 14573057311.0, 14553208041.0, 14555673221.0, 14556448565.0, 14553869845.0, 14523686345.0, 14534803508.0, 14537582961.0, 14534923816.0, 14523768108.0, 14545772461.0, 14520334528.0, 14536484168.0, 14519580166.0, 14514351838.0, 14491879859.0, 14501271532.0, 14480285692.0, 14496220613.0, 14461011341.0, 14482865099.0, 14476245300.0, 14491872846.0, 14497829011.0, 14495058607.0, 14491384428.0, 14482229836.0, 14486535085.0, 14482608810.0, 14476228944.0, 14470929502.0, 14468020211.0, 14466478918.0, 14436836506.0, 14450417684.0, 14454075159.0, 14452089695.0, 14450247899.0, 14448382528.0, 14448709648.0, 14445473863.0, 14416487087.0, 14429101172.0, 14431589788.0, 14430361029.0, 14410648421.0, 14416901299.0, 14412219987.0, 14408386429.0, 14401110097.0, 14399392569.0, 14380686137.0, 14387189661.0, 14382391050.0, 14377674336.0, 14373333627.0, 14369655775.0, 14364345968.0, 14329571768.0, 14336285108.0, 14334743668.0, 14331406979.0, 14323583404.0, 14314615994.0, 14305986600.0, 14038140657.0, 14187489025.0, 14231179579.0, 14249946360.0, 14283231170.0, 14285580388.0, 14277261348.0, 14271655668.0, 14265094011.0, 14262442881.0, 14246791737.0, 14193782562.0, 14206793287.0, 14208407350.0, 14201973256.0, 14186326971.0, 14172943246.0, 14152745493.0, 14143747265.0, 14144989494.0, 14138439984.0, 14058233068.0, 14077002165.0, 14105392561.0, 13682882888.0]
[31.264301940663003, 31.44230414073784, 35.32827246196721, 35.92871739094916, 36.09835260322436, 39.573363997339165, 39.73660445426991, 39.816290257915185, 40.00983631690454, 40.066305108014255, 40.10437861747057, 40.11889414780287, 40.064250105372594, 40.07103662198092, 40.073171105034156, 40.06607201851381, 39.9829783604249, 40.01358335127224, 40.02123504565017, 40.01391455314801, 39.98320344985344, 40.04378032744052, 39.973750976729356, 40.018210123760646, 39.971674256067296, 39.95728093192634, 39.89541670347016, 39.92127150709283, 39.86349854459119, 39.90736658101001, 39.81043722526508, 39.870599522388, 39.852375548537275, 39.895397397033726, 39.91179441984523, 39.904167636909385, 39.8940528068339, 39.86885067528549, 39.88070280934528, 39.86989397165538, 39.85233052129154, 39.837741423883685, 39.82973229201909, 39.825489189875306, 39.74388511984836, 39.78127342011759, 39.79134226492084, 39.78587638234381, 39.780806010548176, 39.77567073796273, 39.77657128287746, 39.76766332944465, 39.687864192365005, 39.72259013422378, 39.72944116896192, 39.726058457208154, 39.67179063839349, 39.68900449717738, 39.676117080584355, 39.66556348813431, 39.64553211194038, 39.64080384370144, 39.589305976831426, 39.60720985145262, 39.59399951660956, 39.581014640090295, 39.56906488643318, 39.55893994477335, 39.544322313041576, 39.44859068864032, 39.46707217616147, 39.46282866933408, 39.45364293226201, 39.432105023600556, 39.40741819468797, 39.383661906830355, 38.64629549113497, 39.05744404006825, 39.17772193878081, 39.22938594341392, 39.32101735202107, 39.32748463107315, 39.30458273217514, 39.28915057694875, 39.271086665101066, 39.26378823749097, 39.22070142488686, 39.0747698310351, 39.11058770287364, 39.11503113716906, 39.09731839984742, 39.05424496382604, 39.01740024173927, 38.96179684312923, 38.93702517381195, 38.94044496779854, 38.92241449603119, 38.701608888514855, 38.753279268979526, 38.83143660190091, 37.66828871290474]
	Command being timed: "./mean_qscore.py -f /projects/bgmp/shared/2017_sequencing/1294_S1_L008_R1_001.fastq.gz -l 101"
	User time (seconds): 5183.43
	System time (seconds): 8.30
	Percent of CPU this job got: 99%
	Elapsed (wall clock) time (h:mm:ss or m:ss): 1:26:52
	Average shared text size (kbytes): 0
	Average unshared data size (kbytes): 0
	Average stack size (kbytes): 0
	Average total size (kbytes): 0
	Maximum resident set size (kbytes): 75288
	Average resident set size (kbytes): 0
	Major (requiring I/O) page faults: 0
	Minor (reclaiming a frame) page faults: 91292
	Voluntary context switches: 2051
	Involuntary context switches: 1551
	Swaps: 0
	File system inputs: 0
	File system outputs: 0
	Socket messages sent: 0
	Socket messages received: 0
	Signals delivered: 0
	Page size (bytes): 4096
	Exit status: 0
