read length = 101
start python script
[10954855755.0, 11179719330.0, 12271275315.0, 12565997788.0, 12750528146.0, 13785415679.0, 13806011124.0, 13888372627.0, 13961741701.0, 13918431645.0, 13955355251.0, 13968594568.0, 13916349795.0, 13947412078.0, 13893797807.0, 13807218905.0, 13847093501.0, 13899034501.0, 13829420853.0, 13865676642.0, 13809582903.0, 13814988938.0, 13877210313.0, 13883302275.0, 13886823236.0, 13879581233.0, 13869201408.0, 13887404074.0, 13874957492.0, 13857515929.0, 13812627591.0, 13678078845.0, 13647042408.0, 13569828433.0, 13524090343.0, 13492612880.0, 13474962577.0, 13479352237.0, 13467504509.0, 13606170785.0, 13687871673.0, 13747903439.0, 13745690982.0, 13804745785.0, 13811917382.0, 13804628713.0, 13818481064.0, 13802407449.0, 13798226827.0, 13783265398.0, 13812265234.0, 13820078342.0, 13818688925.0, 13744514010.0, 13755139732.0, 13783917635.0, 13788378462.0, 13761068828.0, 13748756264.0, 13724559714.0, 13716432058.0, 13732215341.0, 13735962589.0, 13707639778.0, 13719819848.0, 13694157742.0, 13717101013.0, 13679500457.0, 13662337613.0, 13679793712.0, 13677748261.0, 13653443355.0, 13633362490.0, 13633528397.0, 13631798699.0, 13588875237.0, 13252370028.0, 13398196772.0, 13554104187.0, 13591204690.0, 13636476531.0, 13638870776.0, 13648305198.0, 13616125452.0, 13581413487.0, 13583732583.0, 13559940602.0, 13562175323.0, 13550599319.0, 13524181263.0, 13510724671.0, 13478203129.0, 13466749262.0, 13451637804.0, 13386335852.0, 13392110887.0, 13392598267.0, 13365690739.0, 13274731818.0, 13303576462.0, 12589400056.0]
[30.158167161502497, 30.777205278940773, 33.78220402999631, 34.593560181621456, 35.101562980325205, 37.95055633191032, 38.00725455660324, 38.23399163381331, 38.435973006061566, 38.31674259921428, 38.41839143027672, 38.45483860439929, 38.31101137082485, 38.39652427433381, 38.248926881613954, 38.01057951697763, 38.12035227515534, 38.26334323693233, 38.07170036366603, 38.17151072810056, 38.01708748462667, 38.031970027204785, 38.203262344532845, 38.220033209658446, 38.22972623828264, 38.2097893680999, 38.18121423169846, 38.23132525609625, 38.197060441575616, 38.149044695474004, 38.025469357625475, 37.65506342403876, 37.56962167326844, 37.35705548186139, 37.23114081947632, 37.144484946299656, 37.095894549472, 37.10797906277121, 37.075362863206465, 37.457104149883136, 37.68202258720922, 37.84728702103819, 37.84119623814375, 38.00377114194846, 38.02351418795271, 38.00344884861801, 38.0415836745236, 37.997333820495314, 37.98582477830117, 37.94463671641811, 38.0244718070212, 38.04598090055785, 38.04215590540683, 37.83795609339751, 37.86720817187799, 37.946432292089284, 37.95871272456172, 37.88353067509333, 37.849634805389236, 37.783022919669186, 37.760647891301765, 37.80409847592987, 37.81441446128896, 37.73644318647489, 37.76997430685785, 37.6993278191475, 37.76248949078648, 37.65897705040625, 37.61172860369963, 37.65978436667848, 37.65415334290616, 37.587243158565485, 37.531961546743155, 37.532418280373534, 37.52765650873641, 37.40949037573593, 36.48310845244074, 36.884562147544145, 37.31376742312632, 37.41590324273665, 37.54053434506438, 37.54712558118382, 37.573098070654375, 37.48450884768448, 37.3889485531095, 37.395332907809895, 37.329834780208, 37.33598685477517, 37.30411869772209, 37.23139111766552, 37.194345796390984, 37.10481562621616, 37.0732837061839, 37.03168262200622, 36.85190963106661, 36.86780801209404, 36.86914974473205, 36.79507467286664, 36.544669336119426, 36.62407719094846, 34.65798544892633]
	Command being timed: "./mean_qscore.py -f /projects/bgmp/shared/2017_sequencing/1294_S1_L008_R4_001.fastq.gz -l 101"
	User time (seconds): 5323.78
	System time (seconds): 9.57
	Percent of CPU this job got: 99%
	Elapsed (wall clock) time (h:mm:ss or m:ss): 1:29:04
	Average shared text size (kbytes): 0
	Average unshared data size (kbytes): 0
	Average stack size (kbytes): 0
	Average total size (kbytes): 0
	Maximum resident set size (kbytes): 75084
	Average resident set size (kbytes): 0
	Major (requiring I/O) page faults: 0
	Minor (reclaiming a frame) page faults: 89574
	Voluntary context switches: 898
	Involuntary context switches: 1577
	Swaps: 0
	File system inputs: 0
	File system outputs: 0
	Socket messages sent: 0
	Socket messages received: 0
	Signals delivered: 0
	Page size (bytes): 4096
	Exit status: 0
