start run
	Command being timed: "./Demultiplex.py -f1 /projects/bgmp/shared/2017_sequencing/1294_S1_L008_R1_001.fastq.gz -f2 /projects/bgmp/shared/2017_sequencing/1294_S1_L008_R2_001.fastq.gz -f3 /projects/bgmp/shared/2017_sequencing/1294_S1_L008_R3_001.fastq.gz -f4 /projects/bgmp/shared/2017_sequencing/1294_S1_L008_R4_001.fastq.gz -d /projects/bgmp/shared/2017_sequencing/indexes.txt"
	User time (seconds): 3017.36
	System time (seconds): 51.31
	Percent of CPU this job got: 62%
	Elapsed (wall clock) time (h:mm:ss or m:ss): 1:21:25
	Average shared text size (kbytes): 0
	Average unshared data size (kbytes): 0
	Average stack size (kbytes): 0
	Average total size (kbytes): 0
	Maximum resident set size (kbytes): 444844
	Average resident set size (kbytes): 0
	Major (requiring I/O) page faults: 0
	Minor (reclaiming a frame) page faults: 78485
	Voluntary context switches: 73409
	Involuntary context switches: 4313
	Swaps: 0
	File system inputs: 0
	File system outputs: 0
	Socket messages sent: 0
	Socket messages received: 0
	Signals delivered: 0
	Page size (bytes): 4096
	Exit status: 0
